<?xml version="1.0" encoding="UTF-8"?>
<testsuite name="com.excercise.cts.CtsApplicationTests" tests="1" skipped="0" failures="0" errors="0" timestamp="2020-06-07T08:45:10" hostname="JCPSI70WJ" time="0.015">
  <properties/>
  <testcase name="contextLoads()" classname="com.excercise.cts.CtsApplicationTests" time="0.015"/>
  <system-out><![CDATA[14:15:07.837 [Test worker] DEBUG org.springframework.test.context.BootstrapUtils - Instantiating CacheAwareContextLoaderDelegate from class [org.springframework.test.context.cache.DefaultCacheAwareContextLoaderDelegate]
14:15:07.837 [Test worker] DEBUG org.springframework.test.context.BootstrapUtils - Instantiating BootstrapContext using constructor [public org.springframework.test.context.support.DefaultBootstrapContext(java.lang.Class,org.springframework.test.context.CacheAwareContextLoaderDelegate)]
14:15:07.839 [Test worker] DEBUG org.springframework.test.context.BootstrapUtils - Instantiating TestContextBootstrapper for test class [com.excercise.cts.CtsApplicationTests] from class [org.springframework.boot.test.context.SpringBootTestContextBootstrapper]
14:15:07.842 [Test worker] INFO org.springframework.boot.test.context.SpringBootTestContextBootstrapper - Neither @ContextConfiguration nor @ContextHierarchy found for test class [com.excercise.cts.CtsApplicationTests], using SpringBootContextLoader
14:15:07.842 [Test worker] DEBUG org.springframework.test.context.support.AbstractContextLoader - Did not detect default resource location for test class [com.excercise.cts.CtsApplicationTests]: class path resource [com/excercise/cts/CtsApplicationTests-context.xml] does not exist
14:15:07.843 [Test worker] DEBUG org.springframework.test.context.support.AbstractContextLoader - Did not detect default resource location for test class [com.excercise.cts.CtsApplicationTests]: class path resource [com/excercise/cts/CtsApplicationTestsContext.groovy] does not exist
14:15:07.843 [Test worker] INFO org.springframework.test.context.support.AbstractContextLoader - Could not detect default resource locations for test class [com.excercise.cts.CtsApplicationTests]: no resource found for suffixes {-context.xml, Context.groovy}.
14:15:07.843 [Test worker] INFO org.springframework.test.context.support.AnnotationConfigContextLoaderUtils - Could not detect default configuration classes for test class [com.excercise.cts.CtsApplicationTests]: CtsApplicationTests does not declare any static, non-private, non-final, nested classes annotated with @Configuration.
14:15:07.846 [Test worker] DEBUG org.springframework.test.context.support.ActiveProfilesUtils - Could not find an 'annotation declaring class' for annotation type [org.springframework.test.context.ActiveProfiles] and class [com.excercise.cts.CtsApplicationTests]
14:15:07.890 [Test worker] DEBUG org.springframework.context.annotation.ClassPathScanningCandidateComponentProvider - Identified candidate component class: file [/Users/asoni2/Downloads/cts/build/classes/java/main/com/excercise/cts/CtsApplication.class]
14:15:07.890 [Test worker] INFO org.springframework.boot.test.context.SpringBootTestContextBootstrapper - Found @SpringBootConfiguration com.excercise.cts.CtsApplication for test class com.excercise.cts.CtsApplicationTests
14:15:07.923 [Test worker] DEBUG org.springframework.boot.test.context.SpringBootTestContextBootstrapper - @TestExecutionListeners is not present for class [com.excercise.cts.CtsApplicationTests]: using defaults.
14:15:07.923 [Test worker] INFO org.springframework.boot.test.context.SpringBootTestContextBootstrapper - Loaded default TestExecutionListener class names from location [META-INF/spring.factories]: [org.springframework.boot.test.autoconfigure.restdocs.RestDocsTestExecutionListener, org.springframework.boot.test.autoconfigure.web.client.MockRestServiceServerResetTestExecutionListener, org.springframework.boot.test.autoconfigure.web.servlet.MockMvcPrintOnlyOnFailureTestExecutionListener, org.springframework.boot.test.autoconfigure.web.servlet.WebDriverTestExecutionListener, org.springframework.boot.test.autoconfigure.webservices.client.MockWebServiceServerTestExecutionListener, org.springframework.boot.test.mock.mockito.MockitoTestExecutionListener, org.springframework.boot.test.mock.mockito.ResetMocksTestExecutionListener, org.springframework.test.context.web.ServletTestExecutionListener, org.springframework.test.context.support.DirtiesContextBeforeModesTestExecutionListener, org.springframework.test.context.support.DependencyInjectionTestExecutionListener, org.springframework.test.context.support.DirtiesContextTestExecutionListener, org.springframework.test.context.transaction.TransactionalTestExecutionListener, org.springframework.test.context.jdbc.SqlScriptsTestExecutionListener, org.springframework.test.context.event.EventPublishingTestExecutionListener]
14:15:07.926 [Test worker] DEBUG org.springframework.boot.test.context.SpringBootTestContextBootstrapper - Skipping candidate TestExecutionListener [org.springframework.test.context.transaction.TransactionalTestExecutionListener] due to a missing dependency. Specify custom listener classes or make the default listener classes and their required dependencies available. Offending class: [org/springframework/transaction/interceptor/TransactionAttributeSource]
14:15:07.926 [Test worker] DEBUG org.springframework.boot.test.context.SpringBootTestContextBootstrapper - Skipping candidate TestExecutionListener [org.springframework.test.context.jdbc.SqlScriptsTestExecutionListener] due to a missing dependency. Specify custom listener classes or make the default listener classes and their required dependencies available. Offending class: [org/springframework/transaction/interceptor/TransactionAttribute]
14:15:07.926 [Test worker] INFO org.springframework.boot.test.context.SpringBootTestContextBootstrapper - Using TestExecutionListeners: [org.springframework.test.context.web.ServletTestExecutionListener@f90f0ed, org.springframework.test.context.support.DirtiesContextBeforeModesTestExecutionListener@29ebd9ef, org.springframework.boot.test.mock.mockito.MockitoTestExecutionListener@6511d3da, org.springframework.boot.test.autoconfigure.SpringBootDependencyInjectionTestExecutionListener@4ef7b55c, org.springframework.test.context.support.DirtiesContextTestExecutionListener@466823f7, org.springframework.test.context.event.EventPublishingTestExecutionListener@313bae74, org.springframework.boot.test.autoconfigure.restdocs.RestDocsTestExecutionListener@5adf248a, org.springframework.boot.test.autoconfigure.web.client.MockRestServiceServerResetTestExecutionListener@29f127d8, org.springframework.boot.test.autoconfigure.web.servlet.MockMvcPrintOnlyOnFailureTestExecutionListener@2e81ce8a, org.springframework.boot.test.autoconfigure.web.servlet.WebDriverTestExecutionListener@42258d20, org.springframework.boot.test.autoconfigure.webservices.client.MockWebServiceServerTestExecutionListener@617d1a9a, org.springframework.boot.test.mock.mockito.ResetMocksTestExecutionListener@41123e8a]
14:15:07.927 [Test worker] DEBUG org.springframework.test.context.support.AbstractDirtiesContextTestExecutionListener - Before test class: context [DefaultTestContext@61c74dbc testClass = CtsApplicationTests, testInstance = [null], testMethod = [null], testException = [null], mergedContextConfiguration = [WebMergedContextConfiguration@f659029 testClass = CtsApplicationTests, locations = '{}', classes = '{class com.excercise.cts.CtsApplication}', contextInitializerClasses = '[]', activeProfiles = '{}', propertySourceLocations = '{}', propertySourceProperties = '{org.springframework.boot.test.context.SpringBootTestContextBootstrapper=true}', contextCustomizers = set[org.springframework.boot.test.autoconfigure.properties.PropertyMappingContextCustomizer@0, org.springframework.boot.test.autoconfigure.web.servlet.WebDriverContextCustomizerFactory$Customizer@50f509d1, org.springframework.boot.test.context.filter.ExcludeFilterContextCustomizer@b4fe916, org.springframework.boot.test.json.DuplicateJsonObjectContextCustomizerFactory$DuplicateJsonObjectContextCustomizer@4de6bab8, org.springframework.boot.test.mock.mockito.MockitoContextCustomizer@0, org.springframework.boot.test.web.client.TestRestTemplateContextCustomizer@6a246ef4, org.springframework.boot.test.context.SpringBootTestArgs@1], resourceBasePath = 'src/main/webapp', contextLoader = 'org.springframework.boot.test.context.SpringBootContextLoader', parent = [null]], attributes = map['org.springframework.test.context.web.ServletTestExecutionListener.activateListener' -> true]], class annotated with @DirtiesContext [false] with mode [null].
14:15:07.961 [Test worker] DEBUG org.springframework.test.context.support.TestPropertySourceUtils - Adding inlined properties to environment: {spring.jmx.enabled=false, org.springframework.boot.test.context.SpringBootTestContextBootstrapper=true}

  .   ____          _            __ _ _
 /\\ / ___'_ __ _ _(_)_ __  __ _ \ \ \ \
( ( )\___ | '_ | '_| | '_ \/ _` | \ \ \ \
 \\/  ___)| |_)| | | | | || (_| |  ) ) ) )
  '  |____| .__|_| |_|_| |_\__, | / / / /
 =========|_|==============|___/=/_/_/_/
 :: Spring Boot ::        (v2.3.0.RELEASE)

2020-06-07 14:15:08.616  INFO 5672 --- [    Test worker] com.excercise.cts.CtsApplicationTests    : No active profile set, falling back to default profiles: default
2020-06-07 14:15:09.169  INFO 5672 --- [    Test worker] o.s.cloud.context.scope.GenericScope     : BeanFactory id=bd691ff9-0046-352e-a698-08e22e40a76f
2020-06-07 14:15:09.240  INFO 5672 --- [    Test worker] trationDelegate$BeanPostProcessorChecker : Bean 'com.excercise.cts.client.GitClient' of type [org.springframework.cloud.openfeign.FeignClientFactoryBean] is not eligible for getting processed by all BeanPostProcessors (for example: not eligible for auto-proxying)
2020-06-07 14:15:09.739  WARN 5672 --- [    Test worker] o.s.c.n.a.ArchaiusAutoConfiguration      : No spring.application.name found, defaulting to 'application'
2020-06-07 14:15:09.744  WARN 5672 --- [    Test worker] c.n.c.sources.URLConfigurationSource     : No URLs will be polled as dynamic configuration sources.
2020-06-07 14:15:09.745  INFO 5672 --- [    Test worker] c.n.c.sources.URLConfigurationSource     : To enable URLs as dynamic configuration sources, define System property archaius.configurationSource.additionalUrls or make config.properties available on classpath.
2020-06-07 14:15:09.752  WARN 5672 --- [    Test worker] c.n.c.sources.URLConfigurationSource     : No URLs will be polled as dynamic configuration sources.
2020-06-07 14:15:09.752  INFO 5672 --- [    Test worker] c.n.c.sources.URLConfigurationSource     : To enable URLs as dynamic configuration sources, define System property archaius.configurationSource.additionalUrls or make config.properties available on classpath.
2020-06-07 14:15:09.980  INFO 5672 --- [    Test worker] o.s.s.concurrent.ThreadPoolTaskExecutor  : Initializing ExecutorService 'applicationTaskExecutor'
2020-06-07 14:15:10.286  INFO 5672 --- [    Test worker] com.excercise.cts.CtsApplicationTests    : Started CtsApplicationTests in 2.319 seconds (JVM running for 5.139)
]]></system-out>
  <system-err><![CDATA[]]></system-err>
</testsuite>
